# JRE version: Java(TM) SE Runtime Environment (7.0_80-b15) (build 1.7.0_80-b15)
# Java VM: Java HotSpot(TM) 64-Bit Server VM (24.80-b11 mixed mode bsd-amd64 compressed oops)
Heap
 PSYoungGen      total 288256K, used 3920K [0x00000007eaa80000, 0x00000007fd680000, 0x0000000800000000)
  eden space 284160K, 0% used [0x00000007eaa80000,0x00000007eaa80000,0x00000007fc000000)
  from space 4096K, 95% used [0x00000007fd280000,0x00000007fd654030,0x00000007fd680000)
  to   space 8192K, 0% used [0x00000007fc680000,0x00000007fc680000,0x00000007fce80000)
 ParOldGen       total 56320K, used 46457K [0x00000007c0000000, 0x00000007c3700000, 0x00000007eaa80000)
  object space 56320K, 82% used [0x00000007c0000000,0x00000007c2d5e5a0,0x00000007c3700000)
 PSPermGen       total 83968K, used 83967K [0x00000007bae00000, 0x00000007c0000000, 0x00000007c0000000)
  object space 83968K, 99% used [0x00000007bae00000,0x00000007bfffffd0,0x00000007c0000000)
GC Heap History (10 events):
Event: 9677,837 GC heap after
Heap after GC invocations=23 (full 1):
 PSYoungGen      total 260608K, used 3053K [0x00000007eaa80000, 0x00000007fe580000, 0x0000000800000000)
  eden space 257536K, 0% used [0x00000007eaa80000,0x00000007eaa80000,0x00000007fa600000)
  from space 3072K, 99% used [0x00000007fe280000,0x00000007fe57b740,0x00000007fe580000)
  to   space 9216K, 0% used [0x00000007fd380000,0x00000007fd380000,0x00000007fdc80000)
 ParOldGen       total 56320K, used 42674K [0x00000007c0000000, 0x00000007c3700000, 0x00000007eaa80000)
  object space 56320K, 75% used [0x00000007c0000000,0x00000007c29ac9b8,0x00000007c3700000)
 PSPermGen       total 83968K, used 73047K [0x00000007bae00000, 0x00000007c0000000, 0x00000007c0000000)
  object space 83968K, 86% used [0x00000007bae00000,0x00000007bf555c70,0x00000007c0000000)
}
Event: 10508,034 GC heap before
{Heap before GC invocations=24 (full 1):
 PSYoungGen      total 260608K, used 260589K [0x00000007eaa80000, 0x00000007fe580000, 0x0000000800000000)
  eden space 257536K, 100% used [0x00000007eaa80000,0x00000007fa600000,0x00000007fa600000)
  from space 3072K, 99% used [0x00000007fe280000,0x00000007fe57b740,0x00000007fe580000)
  to   space 9216K, 0% used [0x00000007fd380000,0x00000007fd380000,0x00000007fdc80000)
 ParOldGen       total 56320K, used 42674K [0x00000007c0000000, 0x00000007c3700000, 0x00000007eaa80000)
  object space 56320K, 75% used [0x00000007c0000000,0x00000007c29ac9b8,0x00000007c3700000)
 PSPermGen       total 83968K, used 76829K [0x00000007bae00000, 0x00000007c0000000, 0x00000007c0000000)
  object space 83968K, 91% used [0x00000007bae00000,0x00000007bf9076e8,0x00000007c0000000)
Event: 10508,101 GC heap after
Heap after GC invocations=24 (full 1):
 PSYoungGen      total 248832K, used 2724K [0x00000007eaa80000, 0x00000007fe300000, 0x0000000800000000)
  eden space 245760K, 0% used [0x00000007eaa80000,0x00000007eaa80000,0x00000007f9a80000)
  from space 3072K, 88% used [0x00000007fd380000,0x00000007fd629028,0x00000007fd680000)
  to   space 9216K, 0% used [0x00000007fda00000,0x00000007fda00000,0x00000007fe300000)
 ParOldGen       total 56320K, used 44617K [0x00000007c0000000, 0x00000007c3700000, 0x00000007eaa80000)
  object space 56320K, 79% used [0x00000007c0000000,0x00000007c2b925a0,0x00000007c3700000)
 PSPermGen       total 83968K, used 76829K [0x00000007bae00000, 0x00000007c0000000, 0x00000007c0000000)
  object space 83968K, 91% used [0x00000007bae00000,0x00000007bf9076e8,0x00000007c0000000)
}
Event: 10531,989 GC heap before
{Heap before GC invocations=25 (full 1):
 PSYoungGen      total 248832K, used 248484K [0x00000007eaa80000, 0x00000007fe300000, 0x0000000800000000)
  eden space 245760K, 100% used [0x00000007eaa80000,0x00000007f9a80000,0x00000007f9a80000)
  from space 3072K, 88% used [0x00000007fd380000,0x00000007fd629028,0x00000007fd680000)
  to   space 9216K, 0% used [0x00000007fda00000,0x00000007fda00000,0x00000007fe300000)
 ParOldGen       total 56320K, used 44617K [0x00000007c0000000, 0x00000007c3700000, 0x00000007eaa80000)
  object space 56320K, 79% used [0x00000007c0000000,0x00000007c2b925a0,0x00000007c3700000)
 PSPermGen       total 83968K, used 80930K [0x00000007bae00000, 0x00000007c0000000, 0x00000007c0000000)
  object space 83968K, 96% used [0x00000007bae00000,0x00000007bfd08a10,0x00000007c0000000)
Event: 10532,070 GC heap after
Heap after GC invocations=25 (full 1):
 PSYoungGen      total 239616K, used 4856K [0x00000007eaa80000, 0x00000007fdf00000, 0x0000000800000000)
  eden space 234496K, 0% used [0x00000007eaa80000,0x00000007eaa80000,0x00000007f8f80000)
  from space 5120K, 94% used [0x00000007fda00000,0x00000007fdebe1b0,0x00000007fdf00000)
  to   space 8704K, 0% used [0x00000007fce00000,0x00000007fce00000,0x00000007fd680000)
 ParOldGen       total 56320K, used 44617K [0x00000007c0000000, 0x00000007c3700000, 0x00000007eaa80000)
  object space 56320K, 79% used [0x00000007c0000000,0x00000007c2b925a0,0x00000007c3700000)
 PSPermGen       total 83968K, used 80930K [0x00000007bae00000, 0x00000007c0000000, 0x00000007c0000000)
  object space 83968K, 96% used [0x00000007bae00000,0x00000007bfd08a10,0x00000007c0000000)
}
Event: 28588,310 GC heap before
{Heap before GC invocations=26 (full 1):
 PSYoungGen      total 239616K, used 239352K [0x00000007eaa80000, 0x00000007fdf00000, 0x0000000800000000)
  eden space 234496K, 100% used [0x00000007eaa80000,0x00000007f8f80000,0x00000007f8f80000)
  from space 5120K, 94% used [0x00000007fda00000,0x00000007fdebe1b0,0x00000007fdf00000)
  to   space 8704K, 0% used [0x00000007fce00000,0x00000007fce00000,0x00000007fd680000)
 ParOldGen       total 56320K, used 44617K [0x00000007c0000000, 0x00000007c3700000, 0x00000007eaa80000)
  object space 56320K, 79% used [0x00000007c0000000,0x00000007c2b925a0,0x00000007c3700000)
 PSPermGen       total 83968K, used 83525K [0x00000007bae00000, 0x00000007c0000000, 0x00000007c0000000)
  object space 83968K, 99% used [0x00000007bae00000,0x00000007bff915a8,0x00000007c0000000)
Event: 28588,397 GC heap after
Heap after GC invocations=26 (full 1):
 PSYoungGen      total 228352K, used 4157K [0x00000007eaa80000, 0x00000007fda80000, 0x0000000800000000)
  eden space 223744K, 0% used [0x00000007eaa80000,0x00000007eaa80000,0x00000007f8500000)
  from space 4608K, 90% used [0x00000007fce00000,0x00000007fd20f730,0x00000007fd280000)
  to   space 8192K, 0% used [0x00000007fd280000,0x00000007fd280000,0x00000007fda80000)
 ParOldGen       total 56320K, used 46457K [0x00000007c0000000, 0x00000007c3700000, 0x00000007eaa80000)
  object space 56320K, 82% used [0x00000007c0000000,0x00000007c2d5e5a0,0x00000007c3700000)
 PSPermGen       total 83968K, used 83525K [0x00000007bae00000, 0x00000007c0000000, 0x00000007c0000000)
  object space 83968K, 99% used [0x00000007bae00000,0x00000007bff915a8,0x00000007c0000000)
}
Event: 28589,432 GC heap before
{Heap before GC invocations=27 (full 1):
 PSYoungGen      total 228352K, used 25207K [0x00000007eaa80000, 0x00000007fda80000, 0x0000000800000000)
  eden space 223744K, 9% used [0x00000007eaa80000,0x00000007ebf0e7f8,0x00000007f8500000)
  from space 4608K, 90% used [0x00000007fce00000,0x00000007fd20f730,0x00000007fd280000)
  to   space 8192K, 0% used [0x00000007fd280000,0x00000007fd280000,0x00000007fda80000)
 ParOldGen       total 56320K, used 46457K [0x00000007c0000000, 0x00000007c3700000, 0x00000007eaa80000)
  object space 56320K, 82% used [0x00000007c0000000,0x00000007c2d5e5a0,0x00000007c3700000)
 PSPermGen       total 83968K, used 83967K [0x00000007bae00000, 0x00000007c0000000, 0x00000007c0000000)
  object space 83968K, 99% used [0x00000007bae00000,0x00000007bfffffd0,0x00000007c0000000)
Event: 28589,508 GC heap after
Heap after GC invocations=27 (full 1):
 PSYoungGen      total 288256K, used 3920K [0x00000007eaa80000, 0x00000007fd680000, 0x0000000800000000)
  eden space 284160K, 0% used [0x00000007eaa80000,0x00000007eaa80000,0x00000007fc000000)
  from space 4096K, 95% used [0x00000007fd280000,0x00000007fd654030,0x00000007fd680000)
  to   space 8192K, 0% used [0x00000007fc680000,0x00000007fc680000,0x00000007fce80000)
 ParOldGen       total 56320K, used 46457K [0x00000007c0000000, 0x00000007c3700000, 0x00000007eaa80000)
  object space 56320K, 82% used [0x00000007c0000000,0x00000007c2d5e5a0,0x00000007c3700000)
 PSPermGen       total 83968K, used 83967K [0x00000007bae00000, 0x00000007c0000000, 0x00000007c0000000)
  object space 83968K, 99% used [0x00000007bae00000,0x00000007bfffffd0,0x00000007c0000000)
}
Event: 28589,508 GC heap before
{Heap before GC invocations=28 (full 2):
 PSYoungGen      total 288256K, used 3920K [0x00000007eaa80000, 0x00000007fd680000, 0x0000000800000000)
  eden space 284160K, 0% used [0x00000007eaa80000,0x00000007eaa80000,0x00000007fc000000)
  from space 4096K, 95% used [0x00000007fd280000,0x00000007fd654030,0x00000007fd680000)
  to   space 8192K, 0% used [0x00000007fc680000,0x00000007fc680000,0x00000007fce80000)
 ParOldGen       total 56320K, used 46457K [0x00000007c0000000, 0x00000007c3700000, 0x00000007eaa80000)
  object space 56320K, 82% used [0x00000007c0000000,0x00000007c2d5e5a0,0x00000007c3700000)
 PSPermGen       total 83968K, used 83967K [0x00000007bae00000, 0x00000007c0000000, 0x00000007c0000000)
  object space 83968K, 99% used [0x00000007bae00000,0x00000007bfffffd0,0x00000007c0000000)

